2020-11-19 10:06:59.263  INFO 1 --- [main] c.e.e.EpisenScaMcoBackApplication        : Starting EpisenScaMcoBackApplication v0.0.1-SNAPSHOT on f13a77a2c5c3 with PID 1 (/app.jar started by root in /)
2020-11-19 10:06:59.274  INFO 1 --- [main] c.e.e.EpisenScaMcoBackApplication        : No active profile set, falling back to default profiles: default
2020-11-19 10:07:05.470  INFO 1 --- [main] o.s.b.w.embedded.tomcat.TomcatWebServer  : Tomcat initialized with port(s): 8080 (http)
2020-11-19 10:07:05.555  INFO 1 --- [main] o.apache.catalina.core.StandardService   : Starting service [Tomcat]
2020-11-19 10:07:05.558  INFO 1 --- [main] org.apache.catalina.core.StandardEngine  : Starting Servlet engine: [Apache Tomcat/9.0.38]
2020-11-19 10:07:05.884  INFO 1 --- [main] o.a.c.c.C.[Tomcat].[localhost].[/]       : Initializing Spring embedded WebApplicationContext
2020-11-19 10:07:05.889  INFO 1 --- [main] w.s.c.ServletWebServerApplicationContext : Root WebApplicationContext: initialization completed in 6338 ms
2020-11-19 10:07:09.802  INFO 1 --- [main] o.s.s.concurrent.ThreadPoolTaskExecutor  : Initializing ExecutorService 'applicationTaskExecutor'
2020-11-19 10:07:11.383  INFO 1 --- [main] o.s.b.w.embedded.tomcat.TomcatWebServer  : Tomcat started on port(s): 8080 (http) with context path ''
2020-11-19 10:07:11.447  INFO 1 --- [main] c.e.e.EpisenScaMcoBackApplication        : Started EpisenScaMcoBackApplication in 14.055 seconds (JVM running for 16.391)
2020-11-19 10:18:45.482  INFO 1 --- [http-nio-8080-exec-1] o.a.c.c.C.[Tomcat].[localhost].[/]       : Initializing Spring DispatcherServlet 'dispatcherServlet'
2020-11-19 10:18:45.489  INFO 1 --- [http-nio-8080-exec-1] o.s.web.servlet.DispatcherServlet        : Initializing Servlet 'dispatcherServlet'
2020-11-19 10:18:45.547  INFO 1 --- [http-nio-8080-exec-1] o.s.web.servlet.DispatcherServlet        : Completed initialization in 55 ms
2020-11-19 10:20:58.978  INFO 1 --- [SpringContextShutdownHook] o.s.s.concurrent.ThreadPoolTaskExecutor  : Shutting down ExecutorService 'applicationTaskExecutor'
2020-11-19 10:30:47.219  INFO 1 --- [main] c.e.e.EpisenScaMcoBackApplication        : Starting EpisenScaMcoBackApplication v0.0.1-SNAPSHOT on e9c078424c84 with PID 1 (/app.jar started by root in /)
2020-11-19 10:30:47.231  INFO 1 --- [main] c.e.e.EpisenScaMcoBackApplication        : No active profile set, falling back to default profiles: default
2020-11-19 10:30:52.685  INFO 1 --- [main] o.s.b.w.embedded.tomcat.TomcatWebServer  : Tomcat initialized with port(s): 8080 (http)
2020-11-19 10:30:52.745  INFO 1 --- [main] o.apache.catalina.core.StandardService   : Starting service [Tomcat]
2020-11-19 10:30:52.749  INFO 1 --- [main] org.apache.catalina.core.StandardEngine  : Starting Servlet engine: [Apache Tomcat/9.0.38]
2020-11-19 10:30:53.020  INFO 1 --- [main] o.a.c.c.C.[Tomcat].[localhost].[/]       : Initializing Spring embedded WebApplicationContext
2020-11-19 10:30:53.021  INFO 1 --- [main] w.s.c.ServletWebServerApplicationContext : Root WebApplicationContext: initialization completed in 5539 ms
2020-11-19 10:30:56.791  INFO 1 --- [main] o.s.s.concurrent.ThreadPoolTaskExecutor  : Initializing ExecutorService 'applicationTaskExecutor'
2020-11-19 10:30:58.400  INFO 1 --- [main] o.s.b.w.embedded.tomcat.TomcatWebServer  : Tomcat started on port(s): 8080 (http) with context path ''
2020-11-19 10:30:58.445  INFO 1 --- [main] c.e.e.EpisenScaMcoBackApplication        : Started EpisenScaMcoBackApplication in 12.999 seconds (JVM running for 15.087)
2020-11-19 10:31:03.875  INFO 1 --- [http-nio-8080-exec-1] o.a.c.c.C.[Tomcat].[localhost].[/]       : Initializing Spring DispatcherServlet 'dispatcherServlet'
2020-11-19 10:31:03.883  INFO 1 --- [http-nio-8080-exec-1] o.s.web.servlet.DispatcherServlet        : Initializing Servlet 'dispatcherServlet'
2020-11-19 10:31:03.933  INFO 1 --- [http-nio-8080-exec-1] o.s.web.servlet.DispatcherServlet        : Completed initialization in 48 ms
2020-11-19 10:31:04.098 ERROR 1 --- [http-nio-8080-exec-1] o.a.c.c.C.[.[.[/].[dispatcherServlet]    : Servlet.service() for servlet [dispatcherServlet] in context with path [] threw exception

java.io.FileNotFoundException: ./orders/orders.txt (No such file or directory)
	at java.io.FileOutputStream.open0(Native Method) ~[na:1.8.0_212]
	at java.io.FileOutputStream.open(FileOutputStream.java:270) ~[na:1.8.0_212]
	at java.io.FileOutputStream.<init>(FileOutputStream.java:213) ~[na:1.8.0_212]
	at java.io.FileOutputStream.<init>(FileOutputStream.java:101) ~[na:1.8.0_212]
	at java.io.PrintWriter.<init>(PrintWriter.java:184) ~[na:1.8.0_212]
	at com.example.episenscamcoback.endpoints.MonController.add_order(MonController.java:17) ~[classes!/:0.0.1-SNAPSHOT]
	at sun.reflect.NativeMethodAccessorImpl.invoke0(Native Method) ~[na:1.8.0_212]
	at sun.reflect.NativeMethodAccessorImpl.invoke(NativeMethodAccessorImpl.java:62) ~[na:1.8.0_212]
	at sun.reflect.DelegatingMethodAccessorImpl.invoke(DelegatingMethodAccessorImpl.java:43) ~[na:1.8.0_212]
	at java.lang.reflect.Method.invoke(Method.java:498) ~[na:1.8.0_212]
	at org.springframework.web.method.support.InvocableHandlerMethod.doInvoke(InvocableHandlerMethod.java:190) ~[spring-web-5.2.9.RELEASE.jar!/:5.2.9.RELEASE]
	at org.springframework.web.method.support.InvocableHandlerMethod.invokeForRequest(InvocableHandlerMethod.java:138) ~[spring-web-5.2.9.RELEASE.jar!/:5.2.9.RELEASE]
	at org.springframework.web.servlet.mvc.method.annotation.ServletInvocableHandlerMethod.invokeAndHandle(ServletInvocableHandlerMethod.java:105) ~[spring-webmvc-5.2.9.RELEASE.jar!/:5.2.9.RELEASE]
	at org.springframework.web.servlet.mvc.method.annotation.RequestMappingHandlerAdapter.invokeHandlerMethod(RequestMappingHandlerAdapter.java:878) ~[spring-webmvc-5.2.9.RELEASE.jar!/:5.2.9.RELEASE]
	at org.springframework.web.servlet.mvc.method.annotation.RequestMappingHandlerAdapter.handleInternal(RequestMappingHandlerAdapter.java:792) ~[spring-webmvc-5.2.9.RELEASE.jar!/:5.2.9.RELEASE]
	at org.springframework.web.servlet.mvc.method.AbstractHandlerMethodAdapter.handle(AbstractHandlerMethodAdapter.java:87) ~[spring-webmvc-5.2.9.RELEASE.jar!/:5.2.9.RELEASE]
	at org.springframework.web.servlet.DispatcherServlet.doDispatch(DispatcherServlet.java:1040) ~[spring-webmvc-5.2.9.RELEASE.jar!/:5.2.9.RELEASE]
	at org.springframework.web.servlet.DispatcherServlet.doService(DispatcherServlet.java:943) ~[spring-webmvc-5.2.9.RELEASE.jar!/:5.2.9.RELEASE]
	at org.springframework.web.servlet.FrameworkServlet.processRequest(FrameworkServlet.java:1006) ~[spring-webmvc-5.2.9.RELEASE.jar!/:5.2.9.RELEASE]
	at org.springframework.web.servlet.FrameworkServlet.doPost(FrameworkServlet.java:909) ~[spring-webmvc-5.2.9.RELEASE.jar!/:5.2.9.RELEASE]
	at javax.servlet.http.HttpServlet.service(HttpServlet.java:652) ~[tomcat-embed-core-9.0.38.jar!/:4.0.FR]
	at org.springframework.web.servlet.FrameworkServlet.service(FrameworkServlet.java:883) ~[spring-webmvc-5.2.9.RELEASE.jar!/:5.2.9.RELEASE]
	at javax.servlet.http.HttpServlet.service(HttpServlet.java:733) ~[tomcat-embed-core-9.0.38.jar!/:4.0.FR]
	at org.apache.catalina.core.ApplicationFilterChain.internalDoFilter(ApplicationFilterChain.java:231) ~[tomcat-embed-core-9.0.38.jar!/:9.0.38]
	at org.apache.catalina.core.ApplicationFilterChain.doFilter(ApplicationFilterChain.java:166) ~[tomcat-embed-core-9.0.38.jar!/:9.0.38]
	at org.apache.tomcat.websocket.server.WsFilter.doFilter(WsFilter.java:53) ~[tomcat-embed-websocket-9.0.38.jar!/:9.0.38]
	at org.apache.catalina.core.ApplicationFilterChain.internalDoFilter(ApplicationFilterChain.java:193) ~[tomcat-embed-core-9.0.38.jar!/:9.0.38]
	at org.apache.catalina.core.ApplicationFilterChain.doFilter(ApplicationFilterChain.java:166) ~[tomcat-embed-core-9.0.38.jar!/:9.0.38]
	at org.springframework.web.filter.RequestContextFilter.doFilterInternal(RequestContextFilter.java:100) ~[spring-web-5.2.9.RELEASE.jar!/:5.2.9.RELEASE]
	at org.springframework.web.filter.OncePerRequestFilter.doFilter(OncePerRequestFilter.java:119) ~[spring-web-5.2.9.RELEASE.jar!/:5.2.9.RELEASE]
	at org.apache.catalina.core.ApplicationFilterChain.internalDoFilter(ApplicationFilterChain.java:193) ~[tomcat-embed-core-9.0.38.jar!/:9.0.38]
	at org.apache.catalina.core.ApplicationFilterChain.doFilter(ApplicationFilterChain.java:166) ~[tomcat-embed-core-9.0.38.jar!/:9.0.38]
	at org.springframework.web.filter.FormContentFilter.doFilterInternal(FormContentFilter.java:93) ~[spring-web-5.2.9.RELEASE.jar!/:5.2.9.RELEASE]
	at org.springframework.web.filter.OncePerRequestFilter.doFilter(OncePerRequestFilter.java:119) ~[spring-web-5.2.9.RELEASE.jar!/:5.2.9.RELEASE]
	at org.apache.catalina.core.ApplicationFilterChain.internalDoFilter(ApplicationFilterChain.java:193) ~[tomcat-embed-core-9.0.38.jar!/:9.0.38]
	at org.apache.catalina.core.ApplicationFilterChain.doFilter(ApplicationFilterChain.java:166) ~[tomcat-embed-core-9.0.38.jar!/:9.0.38]
	at org.springframework.web.filter.CharacterEncodingFilter.doFilterInternal(CharacterEncodingFilter.java:201) ~[spring-web-5.2.9.RELEASE.jar!/:5.2.9.RELEASE]
	at org.springframework.web.filter.OncePerRequestFilter.doFilter(OncePerRequestFilter.java:119) ~[spring-web-5.2.9.RELEASE.jar!/:5.2.9.RELEASE]
	at org.apache.catalina.core.ApplicationFilterChain.internalDoFilter(ApplicationFilterChain.java:193) ~[tomcat-embed-core-9.0.38.jar!/:9.0.38]
	at org.apache.catalina.core.ApplicationFilterChain.doFilter(ApplicationFilterChain.java:166) ~[tomcat-embed-core-9.0.38.jar!/:9.0.38]
	at org.apache.catalina.core.StandardWrapperValve.invoke(StandardWrapperValve.java:202) ~[tomcat-embed-core-9.0.38.jar!/:9.0.38]
	at org.apache.catalina.core.StandardContextValve.invoke(StandardContextValve.java:97) [tomcat-embed-core-9.0.38.jar!/:9.0.38]
	at org.apache.catalina.authenticator.AuthenticatorBase.invoke(AuthenticatorBase.java:541) [tomcat-embed-core-9.0.38.jar!/:9.0.38]
	at org.apache.catalina.core.StandardHostValve.invoke(StandardHostValve.java:143) [tomcat-embed-core-9.0.38.jar!/:9.0.38]
	at org.apache.catalina.valves.ErrorReportValve.invoke(ErrorReportValve.java:92) [tomcat-embed-core-9.0.38.jar!/:9.0.38]
	at org.apache.catalina.core.StandardEngineValve.invoke(StandardEngineValve.java:78) [tomcat-embed-core-9.0.38.jar!/:9.0.38]
	at org.apache.catalina.connector.CoyoteAdapter.service(CoyoteAdapter.java:343) [tomcat-embed-core-9.0.38.jar!/:9.0.38]
	at org.apache.coyote.http11.Http11Processor.service(Http11Processor.java:374) [tomcat-embed-core-9.0.38.jar!/:9.0.38]
	at org.apache.coyote.AbstractProcessorLight.process(AbstractProcessorLight.java:65) [tomcat-embed-core-9.0.38.jar!/:9.0.38]
	at org.apache.coyote.AbstractProtocol$ConnectionHandler.process(AbstractProtocol.java:868) [tomcat-embed-core-9.0.38.jar!/:9.0.38]
	at org.apache.tomcat.util.net.NioEndpoint$SocketProcessor.doRun(NioEndpoint.java:1590) [tomcat-embed-core-9.0.38.jar!/:9.0.38]
	at org.apache.tomcat.util.net.SocketProcessorBase.run(SocketProcessorBase.java:49) [tomcat-embed-core-9.0.38.jar!/:9.0.38]
	at java.util.concurrent.ThreadPoolExecutor.runWorker(ThreadPoolExecutor.java:1149) [na:1.8.0_212]
	at java.util.concurrent.ThreadPoolExecutor$Worker.run(ThreadPoolExecutor.java:624) [na:1.8.0_212]
	at org.apache.tomcat.util.threads.TaskThread$WrappingRunnable.run(TaskThread.java:61) [tomcat-embed-core-9.0.38.jar!/:9.0.38]
	at java.lang.Thread.run(Thread.java:748) [na:1.8.0_212]

2020-11-19 10:34:27.858  INFO 1 --- [SpringContextShutdownHook] o.s.s.concurrent.ThreadPoolTaskExecutor  : Shutting down ExecutorService 'applicationTaskExecutor'
2020-11-19 10:38:10.716  INFO 1 --- [main] c.e.e.EpisenScaMcoBackApplication        : Starting EpisenScaMcoBackApplication v0.0.1-SNAPSHOT on 31fae841b3c6 with PID 1 (/app.jar started by root in /)
2020-11-19 10:38:10.730  INFO 1 --- [main] c.e.e.EpisenScaMcoBackApplication        : No active profile set, falling back to default profiles: default
2020-11-19 10:38:15.992  INFO 1 --- [main] o.s.b.w.embedded.tomcat.TomcatWebServer  : Tomcat initialized with port(s): 8080 (http)
2020-11-19 10:38:16.045  INFO 1 --- [main] o.apache.catalina.core.StandardService   : Starting service [Tomcat]
2020-11-19 10:38:16.053  INFO 1 --- [main] org.apache.catalina.core.StandardEngine  : Starting Servlet engine: [Apache Tomcat/9.0.38]
2020-11-19 10:38:16.326  INFO 1 --- [main] o.a.c.c.C.[Tomcat].[localhost].[/]       : Initializing Spring embedded WebApplicationContext
2020-11-19 10:38:16.331  INFO 1 --- [main] w.s.c.ServletWebServerApplicationContext : Root WebApplicationContext: initialization completed in 5369 ms
2020-11-19 10:38:19.946  INFO 1 --- [main] o.s.s.concurrent.ThreadPoolTaskExecutor  : Initializing ExecutorService 'applicationTaskExecutor'
2020-11-19 10:38:21.371  INFO 1 --- [main] o.s.b.w.embedded.tomcat.TomcatWebServer  : Tomcat started on port(s): 8080 (http) with context path ''
2020-11-19 10:38:21.414  INFO 1 --- [main] c.e.e.EpisenScaMcoBackApplication        : Started EpisenScaMcoBackApplication in 12.374 seconds (JVM running for 14.233)
2020-11-19 10:38:57.518  INFO 1 --- [http-nio-8080-exec-1] o.a.c.c.C.[Tomcat].[localhost].[/]       : Initializing Spring DispatcherServlet 'dispatcherServlet'
2020-11-19 10:38:57.526  INFO 1 --- [http-nio-8080-exec-1] o.s.web.servlet.DispatcherServlet        : Initializing Servlet 'dispatcherServlet'
2020-11-19 10:38:57.634  INFO 1 --- [http-nio-8080-exec-1] o.s.web.servlet.DispatcherServlet        : Completed initialization in 87 ms
2020-11-19 10:51:05.061  INFO 1 --- [SpringContextShutdownHook] o.s.s.concurrent.ThreadPoolTaskExecutor  : Shutting down ExecutorService 'applicationTaskExecutor'
2020-11-19 11:22:38.767  INFO 1 --- [main] c.e.e.EpisenScaMcoBackApplication        : Starting EpisenScaMcoBackApplication v0.0.1-SNAPSHOT on 047e110c66a7 with PID 1 (/app.jar started by appuser in /)
2020-11-19 11:22:38.778  INFO 1 --- [main] c.e.e.EpisenScaMcoBackApplication        : No active profile set, falling back to default profiles: default
2020-11-19 11:22:43.965  INFO 1 --- [main] o.s.b.w.embedded.tomcat.TomcatWebServer  : Tomcat initialized with port(s): 8080 (http)
2020-11-19 11:22:44.026  INFO 1 --- [main] o.apache.catalina.core.StandardService   : Starting service [Tomcat]
2020-11-19 11:22:44.032  INFO 1 --- [main] org.apache.catalina.core.StandardEngine  : Starting Servlet engine: [Apache Tomcat/9.0.38]
2020-11-19 11:22:44.316  INFO 1 --- [main] o.a.c.c.C.[Tomcat].[localhost].[/]       : Initializing Spring embedded WebApplicationContext
2020-11-19 11:22:44.322  INFO 1 --- [main] w.s.c.ServletWebServerApplicationContext : Root WebApplicationContext: initialization completed in 5308 ms
2020-11-19 11:22:48.329  INFO 1 --- [main] o.s.s.concurrent.ThreadPoolTaskExecutor  : Initializing ExecutorService 'applicationTaskExecutor'
2020-11-19 11:22:49.725  INFO 1 --- [main] o.s.b.w.embedded.tomcat.TomcatWebServer  : Tomcat started on port(s): 8080 (http) with context path ''
2020-11-19 11:22:49.765  INFO 1 --- [main] c.e.e.EpisenScaMcoBackApplication        : Started EpisenScaMcoBackApplication in 12.642 seconds (JVM running for 14.559)
2020-11-19 11:23:34.918  INFO 1 --- [http-nio-8080-exec-1] o.a.c.c.C.[Tomcat].[localhost].[/]       : Initializing Spring DispatcherServlet 'dispatcherServlet'
2020-11-19 11:23:34.925  INFO 1 --- [http-nio-8080-exec-1] o.s.web.servlet.DispatcherServlet        : Initializing Servlet 'dispatcherServlet'
2020-11-19 11:23:34.996  INFO 1 --- [http-nio-8080-exec-1] o.s.web.servlet.DispatcherServlet        : Completed initialization in 68 ms
2020-11-19 11:27:49.004  INFO 1 --- [SpringContextShutdownHook] o.s.s.concurrent.ThreadPoolTaskExecutor  : Shutting down ExecutorService 'applicationTaskExecutor'
2020-11-19 11:28:43.335  INFO 1 --- [main] c.e.e.EpisenScaMcoBackApplication        : Starting EpisenScaMcoBackApplication v0.0.1-SNAPSHOT on bc4d743d885e with PID 1 (/app.jar started by appuser in /)
2020-11-19 11:28:43.352  INFO 1 --- [main] c.e.e.EpisenScaMcoBackApplication        : No active profile set, falling back to default profiles: default
2020-11-19 11:28:48.377  INFO 1 --- [main] o.s.b.w.embedded.tomcat.TomcatWebServer  : Tomcat initialized with port(s): 8080 (http)
2020-11-19 11:28:48.428  INFO 1 --- [main] o.apache.catalina.core.StandardService   : Starting service [Tomcat]
2020-11-19 11:28:48.433  INFO 1 --- [main] org.apache.catalina.core.StandardEngine  : Starting Servlet engine: [Apache Tomcat/9.0.38]
2020-11-19 11:28:48.683  INFO 1 --- [main] o.a.c.c.C.[Tomcat].[localhost].[/]       : Initializing Spring embedded WebApplicationContext
2020-11-19 11:28:48.685  INFO 1 --- [main] w.s.c.ServletWebServerApplicationContext : Root WebApplicationContext: initialization completed in 5057 ms
2020-11-19 11:28:52.027  INFO 1 --- [main] o.s.s.concurrent.ThreadPoolTaskExecutor  : Initializing ExecutorService 'applicationTaskExecutor'
2020-11-19 11:28:53.315  INFO 1 --- [main] o.s.b.w.embedded.tomcat.TomcatWebServer  : Tomcat started on port(s): 8080 (http) with context path ''
2020-11-19 11:28:53.355  INFO 1 --- [main] c.e.e.EpisenScaMcoBackApplication        : Started EpisenScaMcoBackApplication in 11.548 seconds (JVM running for 13.253)
2020-11-19 11:29:14.634  INFO 1 --- [http-nio-8080-exec-1] o.a.c.c.C.[Tomcat].[localhost].[/]       : Initializing Spring DispatcherServlet 'dispatcherServlet'
2020-11-19 11:29:14.637  INFO 1 --- [http-nio-8080-exec-1] o.s.web.servlet.DispatcherServlet        : Initializing Servlet 'dispatcherServlet'
2020-11-19 11:29:14.692  INFO 1 --- [http-nio-8080-exec-1] o.s.web.servlet.DispatcherServlet        : Completed initialization in 53 ms
2020-11-19 11:30:28.538  INFO 1 --- [SpringContextShutdownHook] o.s.s.concurrent.ThreadPoolTaskExecutor  : Shutting down ExecutorService 'applicationTaskExecutor'
2020-11-19 11:30:52.842  INFO 1 --- [main] c.e.e.EpisenScaMcoBackApplication        : Starting EpisenScaMcoBackApplication v0.0.1-SNAPSHOT on 5eec48fafaf1 with PID 1 (/app.jar started by appuser in /)
2020-11-19 11:30:52.857  INFO 1 --- [main] c.e.e.EpisenScaMcoBackApplication        : No active profile set, falling back to default profiles: default
2020-11-19 11:30:57.528  INFO 1 --- [main] o.s.b.w.embedded.tomcat.TomcatWebServer  : Tomcat initialized with port(s): 8080 (http)
2020-11-19 11:30:57.575  INFO 1 --- [main] o.apache.catalina.core.StandardService   : Starting service [Tomcat]
2020-11-19 11:30:57.582  INFO 1 --- [main] org.apache.catalina.core.StandardEngine  : Starting Servlet engine: [Apache Tomcat/9.0.38]
2020-11-19 11:30:57.829  INFO 1 --- [main] o.a.c.c.C.[Tomcat].[localhost].[/]       : Initializing Spring embedded WebApplicationContext
2020-11-19 11:30:57.834  INFO 1 --- [main] w.s.c.ServletWebServerApplicationContext : Root WebApplicationContext: initialization completed in 4757 ms
2020-11-19 11:31:01.763  INFO 1 --- [main] o.s.s.concurrent.ThreadPoolTaskExecutor  : Initializing ExecutorService 'applicationTaskExecutor'
2020-11-19 11:31:03.094  INFO 1 --- [main] o.s.b.w.embedded.tomcat.TomcatWebServer  : Tomcat started on port(s): 8080 (http) with context path ''
2020-11-19 11:31:03.136  INFO 1 --- [main] c.e.e.EpisenScaMcoBackApplication        : Started EpisenScaMcoBackApplication in 11.757 seconds (JVM running for 13.334)
2020-11-19 11:31:10.555  INFO 1 --- [http-nio-8080-exec-1] o.a.c.c.C.[Tomcat].[localhost].[/]       : Initializing Spring DispatcherServlet 'dispatcherServlet'
2020-11-19 11:31:10.560  INFO 1 --- [http-nio-8080-exec-1] o.s.web.servlet.DispatcherServlet        : Initializing Servlet 'dispatcherServlet'
2020-11-19 11:31:10.608  INFO 1 --- [http-nio-8080-exec-1] o.s.web.servlet.DispatcherServlet        : Completed initialization in 47 ms
2020-11-19 11:33:17.604  INFO 1 --- [SpringContextShutdownHook] o.s.s.concurrent.ThreadPoolTaskExecutor  : Shutting down ExecutorService 'applicationTaskExecutor'
2020-11-19 11:33:43.609  INFO 1 --- [main] c.e.e.EpisenScaMcoBackApplication        : Starting EpisenScaMcoBackApplication v0.0.1-SNAPSHOT on 9e7eb30286eb with PID 1 (/app.jar started by appuser in /)
2020-11-19 11:33:43.623  INFO 1 --- [main] c.e.e.EpisenScaMcoBackApplication        : No active profile set, falling back to default profiles: default
2020-11-19 11:33:48.872  INFO 1 --- [main] o.s.b.w.embedded.tomcat.TomcatWebServer  : Tomcat initialized with port(s): 8080 (http)
2020-11-19 11:33:48.925  INFO 1 --- [main] o.apache.catalina.core.StandardService   : Starting service [Tomcat]
2020-11-19 11:33:48.928  INFO 1 --- [main] org.apache.catalina.core.StandardEngine  : Starting Servlet engine: [Apache Tomcat/9.0.38]
2020-11-19 11:33:49.205  INFO 1 --- [main] o.a.c.c.C.[Tomcat].[localhost].[/]       : Initializing Spring embedded WebApplicationContext
2020-11-19 11:33:49.207  INFO 1 --- [main] w.s.c.ServletWebServerApplicationContext : Root WebApplicationContext: initialization completed in 5358 ms
2020-11-19 11:33:52.713  INFO 1 --- [main] o.s.s.concurrent.ThreadPoolTaskExecutor  : Initializing ExecutorService 'applicationTaskExecutor'
2020-11-19 11:33:54.049  INFO 1 --- [main] o.s.b.w.embedded.tomcat.TomcatWebServer  : Tomcat started on port(s): 8080 (http) with context path ''
2020-11-19 11:33:54.139  INFO 1 --- [main] c.e.e.EpisenScaMcoBackApplication        : Started EpisenScaMcoBackApplication in 12.277 seconds (JVM running for 14.078)
2020-11-19 11:35:00.257  INFO 1 --- [http-nio-8080-exec-1] o.a.c.c.C.[Tomcat].[localhost].[/]       : Initializing Spring DispatcherServlet 'dispatcherServlet'
2020-11-19 11:35:00.260  INFO 1 --- [http-nio-8080-exec-1] o.s.web.servlet.DispatcherServlet        : Initializing Servlet 'dispatcherServlet'
2020-11-19 11:35:00.322  INFO 1 --- [http-nio-8080-exec-1] o.s.web.servlet.DispatcherServlet        : Completed initialization in 60 ms
2020-11-19 11:37:52.858  INFO 1 --- [SpringContextShutdownHook] o.s.s.concurrent.ThreadPoolTaskExecutor  : Shutting down ExecutorService 'applicationTaskExecutor'
2020-11-19 11:38:24.684  INFO 1 --- [main] c.e.e.EpisenScaMcoBackApplication        : Starting EpisenScaMcoBackApplication v0.0.1-SNAPSHOT on 3dc80d28d20b with PID 1 (/app.jar started by appuser in /)
2020-11-19 11:38:24.693  INFO 1 --- [main] c.e.e.EpisenScaMcoBackApplication        : No active profile set, falling back to default profiles: default
2020-11-19 11:38:30.058  INFO 1 --- [main] o.s.b.w.embedded.tomcat.TomcatWebServer  : Tomcat initialized with port(s): 8080 (http)
2020-11-19 11:38:30.124  INFO 1 --- [main] o.apache.catalina.core.StandardService   : Starting service [Tomcat]
2020-11-19 11:38:30.130  INFO 1 --- [main] org.apache.catalina.core.StandardEngine  : Starting Servlet engine: [Apache Tomcat/9.0.38]
2020-11-19 11:38:30.433  INFO 1 --- [main] o.a.c.c.C.[Tomcat].[localhost].[/]       : Initializing Spring embedded WebApplicationContext
2020-11-19 11:38:30.440  INFO 1 --- [main] w.s.c.ServletWebServerApplicationContext : Root WebApplicationContext: initialization completed in 5520 ms
2020-11-19 11:38:34.012  INFO 1 --- [main] o.s.s.concurrent.ThreadPoolTaskExecutor  : Initializing ExecutorService 'applicationTaskExecutor'
2020-11-19 11:38:35.528  INFO 1 --- [main] o.s.b.w.embedded.tomcat.TomcatWebServer  : Tomcat started on port(s): 8080 (http) with context path ''
2020-11-19 11:38:35.570  INFO 1 --- [main] c.e.e.EpisenScaMcoBackApplication        : Started EpisenScaMcoBackApplication in 12.514 seconds (JVM running for 14.248)
2020-11-19 11:40:38.882  INFO 1 --- [SpringContextShutdownHook] o.s.s.concurrent.ThreadPoolTaskExecutor  : Shutting down ExecutorService 'applicationTaskExecutor'
2020-11-19 11:44:26.312  INFO 1 --- [main] c.e.e.EpisenScaMcoBackApplication        : Starting EpisenScaMcoBackApplication v0.0.1-SNAPSHOT on 024f21c5a91b with PID 1 (/app.jar started by appuser in /)
2020-11-19 11:44:26.331  INFO 1 --- [main] c.e.e.EpisenScaMcoBackApplication        : No active profile set, falling back to default profiles: default
2020-11-19 11:44:31.801  INFO 1 --- [main] o.s.b.w.embedded.tomcat.TomcatWebServer  : Tomcat initialized with port(s): 8080 (http)
2020-11-19 11:44:31.863  INFO 1 --- [main] o.apache.catalina.core.StandardService   : Starting service [Tomcat]
2020-11-19 11:44:31.867  INFO 1 --- [main] org.apache.catalina.core.StandardEngine  : Starting Servlet engine: [Apache Tomcat/9.0.38]
2020-11-19 11:44:32.147  INFO 1 --- [main] o.a.c.c.C.[Tomcat].[localhost].[/]       : Initializing Spring embedded WebApplicationContext
2020-11-19 11:44:32.155  INFO 1 --- [main] w.s.c.ServletWebServerApplicationContext : Root WebApplicationContext: initialization completed in 5586 ms
2020-11-19 11:44:35.895  INFO 1 --- [main] o.s.s.concurrent.ThreadPoolTaskExecutor  : Initializing ExecutorService 'applicationTaskExecutor'
2020-11-19 11:44:37.240  INFO 1 --- [main] o.s.b.w.embedded.tomcat.TomcatWebServer  : Tomcat started on port(s): 8080 (http) with context path ''
2020-11-19 11:44:37.287  INFO 1 --- [main] c.e.e.EpisenScaMcoBackApplication        : Started EpisenScaMcoBackApplication in 12.693 seconds (JVM running for 14.514)
2020-11-19 11:47:28.895  INFO 1 --- [SpringContextShutdownHook] o.s.s.concurrent.ThreadPoolTaskExecutor  : Shutting down ExecutorService 'applicationTaskExecutor'
2020-11-19 11:55:37.590  INFO 1 --- [main] c.e.e.EpisenScaMcoBackApplication        : Starting EpisenScaMcoBackApplication v0.0.1-SNAPSHOT on 62373881ed1e with PID 1 (/app.jar started by appuser in /)
2020-11-19 11:55:37.600  INFO 1 --- [main] c.e.e.EpisenScaMcoBackApplication        : No active profile set, falling back to default profiles: default
2020-11-19 11:55:42.975  INFO 1 --- [main] o.s.b.w.embedded.tomcat.TomcatWebServer  : Tomcat initialized with port(s): 8080 (http)
2020-11-19 11:55:43.031  INFO 1 --- [main] o.apache.catalina.core.StandardService   : Starting service [Tomcat]
2020-11-19 11:55:43.034  INFO 1 --- [main] org.apache.catalina.core.StandardEngine  : Starting Servlet engine: [Apache Tomcat/9.0.38]
2020-11-19 11:55:43.284  INFO 1 --- [main] o.a.c.c.C.[Tomcat].[localhost].[/]       : Initializing Spring embedded WebApplicationContext
2020-11-19 11:55:43.289  INFO 1 --- [main] w.s.c.ServletWebServerApplicationContext : Root WebApplicationContext: initialization completed in 5461 ms
2020-11-19 11:55:46.896  INFO 1 --- [main] o.s.s.concurrent.ThreadPoolTaskExecutor  : Initializing ExecutorService 'applicationTaskExecutor'
2020-11-19 11:55:48.372  INFO 1 --- [main] o.s.b.w.embedded.tomcat.TomcatWebServer  : Tomcat started on port(s): 8080 (http) with context path ''
2020-11-19 11:55:48.413  INFO 1 --- [main] c.e.e.EpisenScaMcoBackApplication        : Started EpisenScaMcoBackApplication in 12.58 seconds (JVM running for 14.485)
2020-11-19 11:57:44.466  INFO 1 --- [http-nio-8080-exec-1] o.a.c.c.C.[Tomcat].[localhost].[/]       : Initializing Spring DispatcherServlet 'dispatcherServlet'
2020-11-19 11:57:44.472  INFO 1 --- [http-nio-8080-exec-1] o.s.web.servlet.DispatcherServlet        : Initializing Servlet 'dispatcherServlet'
2020-11-19 11:57:44.537  INFO 1 --- [http-nio-8080-exec-1] o.s.web.servlet.DispatcherServlet        : Completed initialization in 61 ms
